Unable to find image 'biocontainers/samtools:v1.9-4-deb_cv1' locally
v1.9-4-deb_cv1: Pulling from biocontainers/samtools
478cd0aa93c0: Pulling fs layer
94d6a239eb0e: Pulling fs layer
e8e87313e9cb: Pulling fs layer
1badce2e48be: Pulling fs layer
732b6ad56c57: Pulling fs layer
f464fdba1cc8: Pulling fs layer
a955c5be8430: Pulling fs layer
f464fdba1cc8: Waiting
732b6ad56c57: Waiting
1badce2e48be: Waiting
a955c5be8430: Waiting
94d6a239eb0e: Verifying Checksum
94d6a239eb0e: Download complete
e8e87313e9cb: Download complete
732b6ad56c57: Download complete
1badce2e48be: Verifying Checksum
1badce2e48be: Download complete
f464fdba1cc8: Verifying Checksum
478cd0aa93c0: Verifying Checksum
478cd0aa93c0: Download complete
a955c5be8430: Verifying Checksum
a955c5be8430: Download complete
478cd0aa93c0: Pull complete
94d6a239eb0e: Pull complete
e8e87313e9cb: Pull complete
1badce2e48be: Pull complete
732b6ad56c57: Pull complete
f464fdba1cc8: Pull complete
